{
  "RSpec": {
    "coverage": {
      "/Users/felipe/Code/gems/auto_increment/lib/auto_increment.rb": [
        1,
        1,
        1,
        1,
        1,
        1,
        null,
        1,
        1,
        1,
        null,
        null,
        1
      ],
      "/Users/felipe/Code/gems/auto_increment/lib/auto_increment/active_record.rb": [
        1,
        1,
        1,
        null,
        1,
        1,
        2,
        null,
        null,
        null,
        null,
        null,
        null,
        1
      ],
      "/Users/felipe/Code/gems/auto_increment/spec/support/active_record.rb": [
        1,
        1,
        1,
        null,
        null,
        1,
        1,
        1,
        1,
        null
      ],
      "/Users/felipe/Code/gems/auto_increment/spec/models/account.rb": [
        1,
        1,
        null,
        1,
        null
      ],
      "/Users/felipe/Code/gems/auto_increment/lib/auto_increment/incrementor.rb": [
        1,
        1,
        1,
        10,
        10,
        null,
        null,
        1,
        4,
        4,
        null,
        null,
        1,
        null,
        1,
        4,
        null,
        null,
        1,
        3,
        null,
        null,
        1,
        3,
        3,
        2,
        null,
        null,
        null,
        3,
        null,
        null,
        1,
        3,
        null,
        3,
        2,
        null,
        1,
        null,
        null,
        null,
        1,
        11,
        null,
        11,
        null,
        null,
        null
      ],
      "/Users/felipe/Code/gems/auto_increment/spec/models/user.rb": [
        1,
        1,
        null,
        1,
        null
      ],
      "/Users/felipe/Code/gems/auto_increment/spec/lib/incrementor_spec.rb": [
        1,
        null,
        1,
        null,
        null,
        1,
        7,
        7,
        14,
        7,
        null,
        null,
        null,
        null,
        1,
        1,
        1,
        null,
        null,
        1,
        2,
        1,
        null,
        null,
        null
      ]
    },
    "timestamp": 1426793829
  }
}
